CameraX_mod/app/build/intermediates/manifest_merge_blame_file/debug/manifest-merger-blame-debug-report.txt
1<?xml version="1.0" encoding="utf-8"?>
2<!--
3  ~ Copyright 2020 The Android Open Source Project
4  ~
5  ~ Licensed under the Apache License, Version 2.0 (the "License");
6  ~ you may not use this file except in compliance with the License.
7  ~ You may obtain a copy of the License at
8  ~
9  ~     https://www.apache.org/licenses/LICENSE-2.0
10  ~
11  ~ Unless required by applicable law or agreed to in writing, software
12  ~ distributed under the License is distributed on an "AS IS" BASIS,
13  ~ WITHOUT WARRANTIES OR CONDITIONS OF ANY KIND, either express or implied.
14  ~ See the License for the specific language governing permissions and
15  ~ limitations under the License.
16-->
17<manifest xmlns:android="http://schemas.android.com/apk/res/android"
18    xmlns:dist="http://schemas.android.com/apk/distribution"
19    package="com.android.example.cameraxbasic"
20    android:versionCode="1"
21    android:versionName="1.0.0" >
22
23    <uses-sdk
24        android:minSdkVersion="21"
24-->src\main\AndroidManifest.xml
25        android:targetSdkVersion="30" />
25-->src\main\AndroidManifest.xml
26
27    <!-- Enable instant app support -->
28    <dist:module dist:instant="true" />
28-->src\main\AndroidManifest.xml:24:5-40
28-->src\main\AndroidManifest.xml:24:18-37
29
30    <!-- Declare features -->
31    <uses-feature android:name="android.hardware.camera" />
31-->src\main\AndroidManifest.xml:27:5-60
31-->src\main\AndroidManifest.xml:27:19-57
32
33    <!-- Declare permissions -->
34    <uses-permission android:name="android.permission.CAMERA" />
34-->src\main\AndroidManifest.xml:30:5-65
34-->src\main\AndroidManifest.xml:30:22-62
35    <uses-permission android:name="android.permission.READ_EXTERNAL_STORAGE" />
35-->src\main\AndroidManifest.xml:31:5-80
35-->src\main\AndroidManifest.xml:31:22-77
36    <uses-permission android:name="android.permission.WRITE_EXTERNAL_STORAGE" />
36-->src\main\AndroidManifest.xml:32:5-81
36-->src\main\AndroidManifest.xml:32:22-78
37    <uses-permission android:name="android.permission.READ_PHONE_STATE" />
38
39    <application
39-->src\main\AndroidManifest.xml:35:5-92:19
40        android:allowBackup="true"
40-->src\main\AndroidManifest.xml:39:9-35
41        android:appComponentFactory="androidx.core.app.CoreComponentFactory"
41-->[androidx.core:core:1.3.1] AndroidManifest.xml:24:18-86
42        android:debuggable="true"
43        android:icon="@mipmap/ic_launcher"
43-->src\main\AndroidManifest.xml:36:9-43
44        android:label="CameraX Lite"
44-->src\main\AndroidManifest.xml:38:9-37
45        android:roundIcon="@mipmap/ic_launcher_round"
45-->src\main\AndroidManifest.xml:37:9-54
46        android:testOnly="true" >
47        <activity
47-->src\main\AndroidManifest.xml:42:9-79:20
48            android:name="com.android.example.cameraxbasic.MainActivity"
48-->src\main\AndroidManifest.xml:43:13-41
49            android:clearTaskOnLaunch="true"
49-->src\main\AndroidManifest.xml:44:13-45
50            android:icon="@mipmap/ic_launcher"
50-->src\main\AndroidManifest.xml:46:13-47
51            android:rotationAnimation="seamless"
51-->src\main\AndroidManifest.xml:48:13-49
52            android:screenOrientation="fullUser"
52-->src\main\AndroidManifest.xml:47:13-49
53            android:theme="@style/AppTheme" >
53-->src\main\AndroidManifest.xml:45:13-44
54
55            <!-- Main app intent filter -->
56            <intent-filter>
56-->src\main\AndroidManifest.xml:52:13-55:29
57                <action android:name="android.intent.action.MAIN" />
57-->src\main\AndroidManifest.xml:53:17-69
57-->src\main\AndroidManifest.xml:53:25-66
58
59                <category android:name="android.intent.category.LAUNCHER" />
59-->src\main\AndroidManifest.xml:54:17-77
59-->src\main\AndroidManifest.xml:54:27-74
60            </intent-filter>
61
62            <!-- Register as a system camera app -->
63            <intent-filter>
63-->src\main\AndroidManifest.xml:58:13-63:29
64                <action android:name="android.media.action.IMAGE_CAPTURE" />
64-->src\main\AndroidManifest.xml:59:17-77
64-->src\main\AndroidManifest.xml:59:25-74
65                <action android:name="android.media.action.STILL_IMAGE_CAMERA" />
65-->src\main\AndroidManifest.xml:60:17-81
65-->src\main\AndroidManifest.xml:60:25-79
66                <action android:name="android.media.action.VIDEO_CAMERA" />
66-->src\main\AndroidManifest.xml:61:17-76
66-->src\main\AndroidManifest.xml:61:25-73
67
68                <category android:name="android.intent.category.DEFAULT" />
68-->src\main\AndroidManifest.xml:62:17-75
68-->src\main\AndroidManifest.xml:62:27-73
69            </intent-filter>
70
71            <!-- App links for http/s -->
72            <intent-filter android:autoVerify="true" >
72-->src\main\AndroidManifest.xml:66:13-74:29
72-->src\main\AndroidManifest.xml:66:28-53
73                <action android:name="android.intent.action.VIEW" />
73-->src\main\AndroidManifest.xml:67:17-69
73-->src\main\AndroidManifest.xml:67:25-66
74
75                <category android:name="android.intent.category.DEFAULT" />
75-->src\main\AndroidManifest.xml:62:17-75
75-->src\main\AndroidManifest.xml:62:27-73
76                <category android:name="android.intent.category.BROWSABLE" />
76-->src\main\AndroidManifest.xml:69:17-78
76-->src\main\AndroidManifest.xml:69:27-75
77
78                <data android:scheme="http" />
78-->src\main\AndroidManifest.xml:70:17-47
78-->src\main\AndroidManifest.xml:70:23-44
79                <data android:scheme="https" />
79-->src\main\AndroidManifest.xml:70:17-47
79-->src\main\AndroidManifest.xml:70:23-44
80                <data android:host="example.android.com" />
80-->src\main\AndroidManifest.xml:70:17-47
80-->src\main\AndroidManifest.xml:72:23-57
81                <data android:pathPattern="/camerax" />
81-->src\main\AndroidManifest.xml:70:17-47
81-->src\main\AndroidManifest.xml:73:23-53
82            </intent-filter>
83
84            <!-- Declare notch support -->
85            <meta-data
85-->src\main\AndroidManifest.xml:77:13-83
86                android:name="android.notch_support"
86-->src\main\AndroidManifest.xml:77:24-60
87                android:value="true" />
87-->src\main\AndroidManifest.xml:77:61-81
88        </activity>
89
90        <!-- FileProvider used to share photos with other apps -->
91        <provider
92            android:name="androidx.core.content.FileProvider"
92-->src\main\AndroidManifest.xml:83:13-62
93            android:authorities="com.android.example.cameraxbasic.provider"
93-->src\main\AndroidManifest.xml:84:13-60
94            android:exported="false"
94-->src\main\AndroidManifest.xml:85:13-37
95            android:grantUriPermissions="true" >
95-->src\main\AndroidManifest.xml:86:13-47
96            <meta-data
96-->src\main\AndroidManifest.xml:87:13-89:53
97                android:name="android.support.FILE_PROVIDER_PATHS"
97-->src\main\AndroidManifest.xml:88:17-67
98                android:resource="@xml/file_paths" />
98-->src\main\AndroidManifest.xml:89:17-51
99        </provider>
100    </application>
101
102</manifest>